<?xml version="1.0" encoding="UTF-8"?>
<!-- Generated by org.testng.reporters.JUnitXMLReporter -->
<testsuite ignored="7" hostname="JodieGame" failures="0" tests="1" name="Default test" time="1.226" errors="0" timestamp="2025-11-07T14:21:03 EST">
  <testcase classname="tests.UserAPITest" name="testResponseTime" time="0.829"/>
  <testcase classname="tests.UserAPITest" name="testGetUserNotFound" time="0.0">
    <ignored/>
  </testcase> <!-- testGetUserNotFound -->
  <testcase classname="tests.UserAPITest" name="testDeleteUser" time="0.0">
    <ignored/>
  </testcase> <!-- testDeleteUser -->
  <testcase classname="tests.UserAPITest" name="testGetSingleUser" time="0.0">
    <ignored/>
  </testcase> <!-- testGetSingleUser -->
  <testcase classname="tests.UserAPITest" name="testPatchUser" time="0.0">
    <ignored/>
  </testcase> <!-- testPatchUser -->
  <testcase classname="tests.UserAPITest" name="testGetUsers" time="0.0">
    <ignored/>
  </testcase> <!-- testGetUsers -->
  <testcase classname="tests.UserAPITest" name="testCreateUser" time="0.0">
    <ignored/>
  </testcase> <!-- testCreateUser -->
  <testcase classname="tests.UserAPITest" name="testUpdateUser" time="0.0">
    <ignored/>
  </testcase> <!-- testUpdateUser -->
</testsuite> <!-- Default test -->
