<?xml version="1.0" encoding="UTF-8"?>
<!-- Generated by org.testng.reporters.JUnitXMLReporter -->
<testsuite ignored="3" hostname="JodieGame" failures="0" tests="1" name="Default test" time="2.074" errors="0" timestamp="2025-11-02T14:29:27 EST">
  <testcase classname="tests.AuthenticationTest" name="testSuccessfulRegistration" time="1.752"/>
  <testcase classname="tests.AuthenticationTest" name="testLoginInvalidCredentials" time="0.0">
    <ignored/>
  </testcase> <!-- testLoginInvalidCredentials -->
  <testcase classname="tests.AuthenticationTest" name="testSuccessfulLogin" time="0.0">
    <ignored/>
  </testcase> <!-- testSuccessfulLogin -->
  <testcase classname="tests.AuthenticationTest" name="testRegistrationMissingPassword" time="0.0">
    <ignored/>
  </testcase> <!-- testRegistrationMissingPassword -->
</testsuite> <!-- Default test -->
