<?xml version="1.0" encoding="UTF-8"?>
<testng-results ignored="0" total="1" passed="1" failed="0" skipped="0">
  <reporter-output>
  </reporter-output>
  <suite started-at="2025-11-04T15:59:15 EST" name="Default suite" finished-at="2025-11-04T15:59:16 EST" duration-ms="1735">
    <groups>
    </groups>
    <test started-at="2025-11-04T15:59:15 EST" name="Default test" finished-at="2025-11-04T15:59:16 EST" duration-ms="1735">
      <class name="tests.AuthenticationTest">
        <test-method is-config="true" signature="setup()[pri:0, instance:tests.AuthenticationTest@2a65fe7c]" started-at="2025-11-04T15:59:15 EST" name="setup" finished-at="2025-11-04T15:59:15 EST" duration-ms="353" status="PASS">
          <reporter-output>
          </reporter-output>
        </test-method> <!-- setup -->
        <test-method signature="testRegistrationMissingEmail()[pri:3, instance:tests.AuthenticationTest@2a65fe7c]" started-at="2025-11-04T15:59:15 EST" name="testRegistrationMissingEmail" description="Registration without email - Verify 400" finished-at="2025-11-04T15:59:16 EST" duration-ms="1356" status="PASS">
          <reporter-output>
          </reporter-output>
        </test-method> <!-- testRegistrationMissingEmail -->
      </class> <!-- tests.AuthenticationTest -->
    </test> <!-- Default test -->
  </suite> <!-- Default suite -->
</testng-results>
