<?xml version="1.0" encoding="UTF-8"?>
<!-- Generated by org.testng.reporters.JUnitReportReporter -->
<testsuite hostname="JodieGame" failures="0" tests="8" name="tests.UserAPITest" time="2.615" errors="0" timestamp="2025-11-07T14:52:52 EST" skipped="0">
  <testcase classname="tests.UserAPITest" name="testGetUsers" time="1.411"/>
  <testcase classname="tests.UserAPITest" name="testGetSingleUser" time="0.126"/>
  <testcase classname="tests.UserAPITest" name="testGetUserNotFound" time="0.240"/>
  <testcase classname="tests.UserAPITest" name="testCreateUser" time="0.248"/>
  <testcase classname="tests.UserAPITest" name="testUpdateUser" time="0.265"/>
  <testcase classname="tests.UserAPITest" name="testPatchUser" time="0.141"/>
  <testcase classname="tests.UserAPITest" name="testDeleteUser" time="0.120"/>
  <testcase classname="tests.UserAPITest" name="testResponseTime" time="0.064"/>
</testsuite> <!-- tests.UserAPITest -->
