<?xml version="1.0" encoding="UTF-8"?>
<!-- Generated by org.testng.reporters.JUnitReportReporter -->
<testsuite hostname="JodieGame" failures="0" tests="8" name="tests.UserAPITest" time="3.026" errors="0" timestamp="2025-11-11T14:31:46 EST" skipped="0">
  <testcase classname="tests.UserAPITest" name="testGetUsers" time="1.749"/>
  <testcase classname="tests.UserAPITest" name="testGetSingleUser" time="0.276"/>
  <testcase classname="tests.UserAPITest" name="testGetUserNotFound" time="0.219"/>
  <testcase classname="tests.UserAPITest" name="testCreateUser" time="0.253"/>
  <testcase classname="tests.UserAPITest" name="testUpdateUser" time="0.183"/>
  <testcase classname="tests.UserAPITest" name="testPatchUser" time="0.139"/>
  <testcase classname="tests.UserAPITest" name="testDeleteUser" time="0.135"/>
  <testcase classname="tests.UserAPITest" name="testResponseTime" time="0.072"/>
</testsuite> <!-- tests.UserAPITest -->
