<?xml version="1.0" encoding="UTF-8"?>
<!-- Generated by org.testng.reporters.JUnitReportReporter -->
<testsuite hostname="JodieGame" failures="0" tests="8" name="tests.AuthenticationTest" time="1.168" errors="0" timestamp="2025-11-11T14:31:46 EST" skipped="0">
  <testcase classname="tests.AuthenticationTest" name="testSuccessfulRegistration" time="0.157"/>
  <testcase classname="tests.AuthenticationTest" name="testRegistrationWrongPassword" time="0.134"/>
  <testcase classname="tests.AuthenticationTest" name="testRegistrationMissingPassword" time="0.145"/>
  <testcase classname="tests.AuthenticationTest" name="testRegistrationMissingEmail" time="0.137"/>
  <testcase classname="tests.AuthenticationTest" name="testSuccessfulLogin" time="0.160"/>
  <testcase classname="tests.AuthenticationTest" name="testLoginInvalidCredentials" time="0.150"/>
  <testcase classname="tests.AuthenticationTest" name="testLoginMissingPassword" time="0.150"/>
  <testcase classname="tests.AuthenticationTest" name="testLoginMissingUsername" time="0.135"/>
</testsuite> <!-- tests.AuthenticationTest -->
