<?xml version="1.0" encoding="UTF-8"?>
<!-- Generated by org.testng.reporters.JUnitReportReporter -->
<testsuite hostname="JodieGame" failures="0" tests="8" name="tests.AuthenticationTest" time="1.318" errors="0" timestamp="2025-11-07T14:52:52 EST" skipped="0">
  <testcase classname="tests.AuthenticationTest" name="testSuccessfulRegistration" time="0.147"/>
  <testcase classname="tests.AuthenticationTest" name="testRegistrationWrongPassword" time="0.234"/>
  <testcase classname="tests.AuthenticationTest" name="testRegistrationMissingPassword" time="0.142"/>
  <testcase classname="tests.AuthenticationTest" name="testRegistrationMissingEmail" time="0.138"/>
  <testcase classname="tests.AuthenticationTest" name="testSuccessfulLogin" time="0.139"/>
  <testcase classname="tests.AuthenticationTest" name="testLoginInvalidCredentials" time="0.226"/>
  <testcase classname="tests.AuthenticationTest" name="testLoginMissingPassword" time="0.152"/>
  <testcase classname="tests.AuthenticationTest" name="testLoginMissingUsername" time="0.140"/>
</testsuite> <!-- tests.AuthenticationTest -->
